<?xml version="1.0" encoding="UTF-8"?>
<!-- Generated by org.testng.reporters.JUnitReportReporter -->
<testsuite skipped="0" hostname="DESKTOP-O6S8VEP" name="org.kff.tests.HomePageTests" tests="1" failures="0" timestamp="28 Jul 2018 21:29:16 GMT" time="4.242" errors="0">
  <testcase name="verifyTitle" time="4.242" classname="org.kff.tests.HomePageTests"/>
</testsuite> <!-- org.kff.tests.HomePageTests -->
