<?xml version="1.0" encoding="UTF-8"?>
<!-- Generated by org.testng.reporters.JUnitReportReporter -->
<testsuite skipped="1" hostname="IT" name="org.kff.tests.KffTest" tests="2" failures="0" timestamp="28 Jul 2018 21:26:25 GMT" time="9.419" errors="0">
  <testcase name="titleVerification2" time="9.419" classname="org.kff.tests.KffTest"/>
  <testcase name="titleVerification" classname="org.kff.tests.KffTest">
    <skipped/>
  </testcase> <!-- titleVerification -->
</testsuite> <!-- org.kff.tests.KffTest -->
