<?xml version="1.0" encoding="UTF-8"?>
<!-- Generated by org.testng.reporters.JUnitReportReporter -->
<testsuite skipped="0" hostname="DESKTOP-O6S8VEP" name="org.kff.tests.KffTest" tests="2" failures="0" timestamp="29 Jul 2018 05:24:29 GMT" time="12.707" errors="0">
  <testcase name="titleVerification" time="8.721" classname="org.kff.tests.KffTest"/>
  <testcase name="titleVerification2" time="3.986" classname="org.kff.tests.KffTest"/>
</testsuite> <!-- org.kff.tests.KffTest -->
